2018-11-25 11:28:57,398 - INFO - ###### TEST EXECUTION STARTED :: test_validate_mainpage_elements ######
2018-11-25 11:28:58,328 - INFO - Element present with locator_properties: //android.widget.TextView[@text='NUM 1'] and locator_type: xpath
2018-11-25 11:28:58,977 - INFO - Element found with locator_properties: //android.widget.TextView[@text='NUM 1'] and locator_type: xpath
2018-11-25 11:28:59,043 - INFO - Clicked on the element with locator_properties: //android.widget.TextView[@text='NUM 1'] and locator_type: xpath
2018-11-25 11:28:59,722 - INFO - Element present with locator_properties: //android.widget.TextView[@text='NUM 2'] and locator_type: xpath
2018-11-25 11:29:00,228 - INFO - Element found with locator_properties: //android.widget.TextView[@text='NUM 2'] and locator_type: xpath
2018-11-25 11:29:00,296 - INFO - Clicked on the element with locator_properties: //android.widget.TextView[@text='NUM 2'] and locator_type: xpath
2018-11-25 11:29:01,243 - INFO - Element present with locator_properties: //android.widget.TextView[@text='NUM 1'] and locator_type: xpath
2018-11-25 11:29:01,591 - INFO - Element found with locator_properties: //android.widget.TextView[@text='NUM 1'] and locator_type: xpath
2018-11-25 11:29:01,647 - INFO - Clicked on the element with locator_properties: //android.widget.TextView[@text='NUM 1'] and locator_type: xpath
2018-11-25 11:29:02,411 - INFO - Element present with locator_properties: //android.widget.Button[@text='START SCAN'] and locator_type: xpath
2018-11-25 11:29:02,731 - INFO - Element found with locator_properties: //android.widget.Button[@text='START SCAN'] and locator_type: xpath
2018-11-25 11:29:02,801 - INFO - Clicked on the element with locator_properties: //android.widget.Button[@text='START SCAN'] and locator_type: xpath
2018-11-25 11:29:03,801 - INFO - Element present with locator_properties: //android.widget.Button[@text='STOP SCAN'] and locator_type: xpath
2018-11-25 11:29:04,141 - INFO - Element found with locator_properties: //android.widget.Button[@text='STOP SCAN'] and locator_type: xpath
2018-11-25 11:29:04,216 - INFO - Clicked on the element with locator_properties: //android.widget.Button[@text='STOP SCAN'] and locator_type: xpath
2018-11-25 11:29:04,908 - INFO - Element present with locator_properties: //android.widget.TextView[@text='meter+06647277 (10:CE:A9:3B:D7:57)'] and locator_type: xpath
2018-11-25 11:29:05,234 - INFO - Element found with locator_properties: //android.widget.TextView[@text='meter+06647277 (10:CE:A9:3B:D7:57)'] and locator_type: xpath
2018-11-25 11:29:05,291 - INFO - Clicked on the element with locator_properties: //android.widget.TextView[@text='meter+06647277 (10:CE:A9:3B:D7:57)'] and locator_type: xpath
2018-11-25 11:29:05,950 - INFO - Element present with locator_properties: //android.widget.Button[@text='CONNECT'] and locator_type: xpath
2018-11-25 11:29:06,348 - INFO - Element found with locator_properties: //android.widget.Button[@text='CONNECT'] and locator_type: xpath
2018-11-25 11:29:06,398 - INFO - Clicked on the element with locator_properties: //android.widget.Button[@text='CONNECT'] and locator_type: xpath
2018-11-25 11:29:17,322 - ERROR - Element not present with locator_properties: //android.widget.Button=[@text='OK'] and locator_type: xpath
2018-11-25 11:29:17,322 - ERROR - Unable to click on the element with locator_properties: //android.widget.Button=[@text='OK'] and locator_type: xpath
2018-11-25 11:29:17,513 - INFO - Element present with locator_properties: //android.widget.Button[@text='RETRIEVE NEW'] and locator_type: xpath
2018-11-25 11:29:17,818 - INFO - Element found with locator_properties: //android.widget.Button[@text='RETRIEVE NEW'] and locator_type: xpath
2018-11-25 11:29:17,891 - INFO - Clicked on the element with locator_properties: //android.widget.Button[@text='RETRIEVE NEW'] and locator_type: xpath
2018-11-25 11:29:19,387 - ERROR - Main screen element verification failed.
