2018-11-23 11:37:51,293 - INFO - ###### TEST EXECUTION STARTED :: test_validate_mainpage_elements ######
2018-11-23 11:37:52,211 - INFO - Element present with locator_properties: //android.widget.TextView[@text='NUM 1'] and locator_type: xpath
2018-11-23 11:37:52,938 - INFO - Element found with locator_properties: //android.widget.TextView[@text='NUM 1'] and locator_type: xpath
2018-11-23 11:37:53,002 - INFO - Clicked on the element with locator_properties: //android.widget.TextView[@text='NUM 1'] and locator_type: xpath
2018-11-23 11:37:53,655 - INFO - Element present with locator_properties: //android.widget.TextView[@text='NUM 2'] and locator_type: xpath
2018-11-23 11:37:54,030 - INFO - Element found with locator_properties: //android.widget.TextView[@text='NUM 2'] and locator_type: xpath
2018-11-23 11:37:54,090 - INFO - Clicked on the element with locator_properties: //android.widget.TextView[@text='NUM 2'] and locator_type: xpath
2018-11-23 11:37:55,049 - INFO - Element present with locator_properties: //android.widget.TextView[@text='NUM 1'] and locator_type: xpath
2018-11-23 11:37:55,373 - INFO - Element found with locator_properties: //android.widget.TextView[@text='NUM 1'] and locator_type: xpath
2018-11-23 11:37:55,443 - INFO - Clicked on the element with locator_properties: //android.widget.TextView[@text='NUM 1'] and locator_type: xpath
2018-11-23 11:37:56,371 - INFO - Element present with locator_properties: //android.widget.Button[@text='START SCAN'] and locator_type: xpath
2018-11-23 11:37:56,873 - INFO - Element found with locator_properties: //android.widget.Button[@text='START SCAN'] and locator_type: xpath
2018-11-23 11:37:56,944 - INFO - Clicked on the element with locator_properties: //android.widget.Button[@text='START SCAN'] and locator_type: xpath
2018-11-23 11:37:57,924 - INFO - Element present with locator_properties: //android.widget.Button[@text='STOP SCAN'] and locator_type: xpath
2018-11-23 11:37:58,807 - INFO - Element found with locator_properties: //android.widget.Button[@text='STOP SCAN'] and locator_type: xpath
2018-11-23 11:37:58,874 - INFO - Clicked on the element with locator_properties: //android.widget.Button[@text='STOP SCAN'] and locator_type: xpath
2018-11-23 11:38:09,478 - ERROR - Element not present with locator_properties: //android.widget.TextView[@text='meter+06647277 (10:CE:A9:3B:D7:57)'] and locator_type: xpath
2018-11-23 11:38:09,478 - ERROR - Unable to click on the element with locator_properties: //android.widget.TextView[@text='meter+06647277 (10:CE:A9:3B:D7:57)'] and locator_type: xpath
2018-11-23 11:38:09,697 - INFO - Element present with locator_properties: //android.widget.Button[@text='CONNECT'] and locator_type: xpath
2018-11-23 11:38:10,018 - INFO - Element found with locator_properties: //android.widget.Button[@text='CONNECT'] and locator_type: xpath
2018-11-23 11:38:10,113 - INFO - Clicked on the element with locator_properties: //android.widget.Button[@text='CONNECT'] and locator_type: xpath
2018-11-23 11:38:20,502 - ERROR - Element not present with locator_properties: //android.widget.Button=[@text='OK'] and locator_type: xpath
2018-11-23 11:38:20,502 - ERROR - Unable to click on the element with locator_properties: //android.widget.Button=[@text='OK'] and locator_type: xpath
2018-11-23 11:38:31,017 - ERROR - Exception occurred while waiting for element to be visible.
2018-11-23 11:38:31,017 - ERROR - Element not found with locator_properties: //android.widget.TextView[@text='Connected'] and locator_type: xpath
2018-11-23 11:38:31,212 - INFO - Element present with locator_properties: //android.widget.Button[@text='DISCONNECT'] and locator_type: xpath
2018-11-23 11:38:31,562 - INFO - Element found with locator_properties: //android.widget.Button[@text='DISCONNECT'] and locator_type: xpath
2018-11-23 11:38:31,619 - INFO - Clicked on the element with locator_properties: //android.widget.Button[@text='DISCONNECT'] and locator_type: xpath
2018-11-23 11:38:32,295 - INFO - Element found with locator_properties: //android.widget.TextView[@text='Disconnected'] and locator_type: xpath
2018-11-23 11:38:32,295 - ERROR - Main screen element verification failed.
